<?xml version="1.0" encoding="UTF-8"?>
<!-- Generated by org.testng.reporters.JUnitReportReporter -->
<testsuite skipped="0" hostname="WINDOWS-JRJ3TAI" name="AutoTest.flow.json" tests="1" failures="0" timestamp="2020-04-24T09:34:02 GMT+08:00" time="0.019" errors="0">
  <testcase name="test" time="0.019" classname="AutoTest.flow.json"/>
</testsuite> <!-- AutoTest.flow.json -->
