<?xml version="1.0" encoding="UTF-8"?>
<!-- Generated by org.testng.reporters.JUnitReportReporter -->
<testsuite skipped="0" hostname="WINDOWS-JRJ3TAI" name="AutoTest.flow.form" tests="1" failures="0" timestamp="2020-04-24T09:20:16 GMT+08:00" time="0.035" errors="0">
  <testcase name="test" time="0.035" classname="AutoTest.flow.form"/>
</testsuite> <!-- AutoTest.flow.form -->
