<?xml version="1.0" encoding="UTF-8"?>
<!-- Generated by org.testng.reporters.JUnitReportReporter -->
<testsuite hostname="WINDOWS-JRJ3TAI" name="AutoTest.flow.json" tests="1" failures="0" timestamp="24 Apr 2020 06:53:04 GMT" time="0.030" errors="0">
  <testcase name="test" time="0.030" classname="AutoTest.flow.json"/>
</testsuite> <!-- AutoTest.flow.json -->
