<?xml version="1.0" encoding="UTF-8"?>
<!-- Generated by org.testng.reporters.JUnitReportReporter -->
<testsuite skipped="0" hostname="WINDOWS-JRJ3TAI" name="AutoTest.test" tests="1" failures="0" timestamp="2020-03-31T10:27:59 GMT+08:00" time="0.011" errors="0">
  <testcase name="test" time="0.011" classname="AutoTest.test"/>
</testsuite> <!-- AutoTest.test -->
