<?xml version="1.0" encoding="UTF-8"?>
<!-- Generated by org.testng.reporters.JUnitReportReporter -->
<testsuite hostname="WINDOWS-JRJ3TAI" name="AutoTest.flow.form" tests="1" failures="0" timestamp="7 May 2020 06:45:13 GMT" time="0.032" errors="0">
  <testcase name="test" time="0.032" classname="AutoTest.flow.form"/>
</testsuite> <!-- AutoTest.flow.form -->
