<?xml version="1.0" encoding="UTF-8"?>
<!-- Generated by org.testng.reporters.JUnitReportReporter -->
<testsuite skipped="0" hostname="WINDOWS-JRJ3TAI" name="AutoTest.flow.test" tests="2" failures="0" timestamp="2020-03-31T11:08:21 GMT+08:00" time="0.014" errors="0">
  <testcase name="test" time="0.004" classname="AutoTest.flow.test"/>
  <testcase name="test" time="0.010" classname="AutoTest.flow.test"/>
</testsuite> <!-- AutoTest.flow.test -->
